Requirement already satisfied: pip in /home/Student/s4427443/python-3.9-project-vgpu40/lib/python3.9/site-packages (22.2.2)
Collecting pip
  Downloading pip-23.0.1-py3-none-any.whl (2.1 MB)
     ━━━━━━━━━━━━━━━━━━━━━━━━━━━━━━━━━━━━━━━━ 2.1/2.1 MB 6.4 MB/s eta 0:00:00
Installing collected packages: pip
  Attempting uninstall: pip
    Found existing installation: pip 22.2.2
    Uninstalling pip-22.2.2:
      Successfully uninstalled pip-22.2.2
Successfully installed pip-23.0.1
Requirement already satisfied: SimpleITK in /home/Student/s4427443/python-3.9-project-vgpu40/lib/python3.9/site-packages (2.2.0)
Finish png generation
HR
35197
LR x2
35197
LR x4
35197
LR x8
35197
